#
# A fatal error has been detected by the Java Runtime Environment:
#
#  SIGSEGV (0xb) at pc=0x00007fb5325ab82b, pid=14020, tid=140416755726080
#
# JRE version: Java(TM) SE Runtime Environment (8.0_66-b17) (build 1.8.0_66-b17)
# Java VM: Java HotSpot(TM) 64-Bit Server VM (25.66-b17 mixed mode linux-amd64 compressed oops)
# Problematic frame:
# C  [libJOCL_0_2_0-linux-x86_64.so+0xd82b]  Java_org_jocl_CL_allocateAlignedNative+0x4b
#
# Failed to write core dump. Core dumps have been disabled. To enable core dumping, try "ulimit -c unlimited" before starting Java again
#
# If you would like to submit a bug report, please visit:
#   http://bugreport.java.com/bugreport/crash.jsp
# The crash happened outside the Java Virtual Machine in native code.
# See problematic frame for where to report the bug.
#

---------------  T H R E A D  ---------------

Current thread (0x00007fb54c00c000):  JavaThread "main" [_thread_in_native, id=14027, stack(0x00007fb552c87000,0x00007fb552d88000)]

siginfo: si_signo: 11 (SIGSEGV), si_code: 1 (SEGV_MAPERR), si_addr: 0xfffffffffffffff8

Registers:
RAX=0x00007fb54c1ea230, RBX=0x0000000000000000, RCX=0x00007fb54c000020, RDX=0x0000000000000000
RSP=0x00007fb552d86230, RBP=0xffff804ab3e15dc8, RSI=0x0000000000000000, RDI=0x0000000000000000
R8 =0x0000000000000000, R9 =0x00007fb54c000078, R10=0x00007fb552d85ff0, R11=0x00007fb552212750
R12=0x00007fb54c1ea238, R13=0x00007fb552d862f0, R14=0x00007fb54c00c1f8, R15=0x0000000000000000
RIP=0x00007fb5325ab82b, EFLAGS=0x0000000000010257, CSGSFS=0x0000000000000033, ERR=0x0000000000000007
  TRAPNO=0x000000000000000e

Top of Stack: (sp=0x00007fb552d86230)
0x00007fb552d86230:   00007fb552d862d0 00007fb5392a9ed8
0x00007fb552d86240:   00007fb552d862d0 0000000000000000
0x00007fb552d86250:   00007fb5392a9ed8 00007fb552d86300
0x00007fb552d86260:   00007fb54c00c000 00007fb53c305e84
0x00007fb552d86270:   00007fb552d862d0 00007fb53c305a8d
0x00007fb552d86280:   00007fb54c00c000 00007fb53c305a59
0x00007fb552d86290:   00007fb552d86290 00007fb5392a9ed8
0x00007fb552d862a0:   00007fb552d86300 00007fb5392aa730
0x00007fb552d862b0:   0000000000000000 00007fb5392a9ed8
0x00007fb552d862c0:   0000000000000000 00007fb552d862f0
0x00007fb552d862d0:   00007fb552d86358 00007fb53c2f0a50
0x00007fb552d862e0:   0000000757f15830 00007fb53c2fc7db
0x00007fb552d862f0:   0000000757f58b10 0000000000000000
0x00007fb552d86300:   0000000000000000 00000077f99a0501
0x00007fb552d86310:   0000000757f15830 00007fb552d86308
0x00007fb552d86320:   00007fb5392a9ddc 00007fb552d86388
0x00007fb552d86330:   00007fb5392aa730 0000000000000000
0x00007fb552d86340:   00007fb5392a9e50 00007fb552d862f0
0x00007fb552d86350:   00007fb552d86380 00007fb552d863d0
0x00007fb552d86360:   00007fb53c2f0a50 0000000000000000
0x00007fb552d86370:   0000000000000000 0000000757f58b10
0x00007fb552d86380:   0000000000000000 0000000000000000
0x00007fb552d86390:   00007fb552d86390 00007fb539292d42
0x00007fb552d863a0:   00007fb552d86400 00007fb539293240
0x00007fb552d863b0:   0000000000000000 00007fb539292da0
0x00007fb552d863c0:   00007fb552d86380 00007fb552d863f8
0x00007fb552d863d0:   00007fb552d86448 00007fb53c2f0a50
0x00007fb552d863e0:   0000000000000000 0000000000000000
0x00007fb552d863f0:   0000000000000000 0000000757964d18
0x00007fb552d86400:   00000005fae88ac0 00007fb552d86408
0x00007fb552d86410:   00007fb5392926cc 00007fb552d86458
0x00007fb552d86420:   00007fb539293240 0000000000000000 

Instructions: (pc=0x00007fb5325ab82b)
0x00007fb5325ab80b:   a5 ff ff 48 85 c0 74 65 48 8d 58 08 4d 63 e4 4c
0x00007fb5325ab81b:   89 fa 31 f6 49 21 dc 4c 29 e5 48 01 eb 48 89 df
0x00007fb5325ab82b:   48 89 43 f8 e8 8c a4 ff ff 49 8b 06 48 8b 15 a2
0x00007fb5325ab83b:   51 21 00 4c 89 ee 4c 89 f7 48 89 d9 48 8b 12 ff 

Register to memory mapping:

RAX=0x00007fb54c1ea230 is an unknown value
RBX=0x0000000000000000 is an unknown value
RCX=0x00007fb54c000020 is an unknown value
RDX=0x0000000000000000 is an unknown value
RSP=0x00007fb552d86230 is pointing into the stack for thread: 0x00007fb54c00c000
RBP=0xffff804ab3e15dc8 is an unknown value
RSI=0x0000000000000000 is an unknown value
RDI=0x0000000000000000 is an unknown value
R8 =0x0000000000000000 is an unknown value
R9 =0x00007fb54c000078 is an unknown value
R10=0x00007fb552d85ff0 is pointing into the stack for thread: 0x00007fb54c00c000
R11=0x00007fb552212750: __libc_malloc+0 in /lib/x86_64-linux-gnu/libc.so.6 at 0x00007fb552190000
R12=0x00007fb54c1ea238 is an unknown value
R13=0x00007fb552d862f0 is pointing into the stack for thread: 0x00007fb54c00c000
R14=0x00007fb54c00c1f8 is an unknown value
R15=0x0000000000000000 is an unknown value


Stack: [0x00007fb552c87000,0x00007fb552d88000],  sp=0x00007fb552d86230,  free space=1020k
Native frames: (J=compiled Java code, j=interpreted, Vv=VM code, C=native code)
C  [libJOCL_0_2_0-linux-x86_64.so+0xd82b]  Java_org_jocl_CL_allocateAlignedNative+0x4b

Java frames: (J=compiled Java code, j=interpreted, Vv=VM code)
j  org.jocl.CL.allocateAlignedNative(IILorg/jocl/Pointer;)Ljava/nio/ByteBuffer;+0
j  org.jocl.CL.allocateAligned(II)Ljava/nio/ByteBuffer;+20
j  org.jocl.struct.Buffers.allocateBufferImpl(Ljava/nio/ByteOrder;[Lorg/jocl/struct/Bufferable;)Ljava/nio/ByteBuffer;+18
j  org.jocl.struct.Buffers.allocateBuffer([Lorg/jocl/struct/Struct;)Ljava/nio/ByteBuffer;+4
j  br.ufg.inf.ppd.tarefa.TarefaGPUOpenCL.processarJuncao(Ljava/util/List;Ljava/util/List;)Ljava/util/Collection;+169
j  br.ufg.inf.ppd.tarefa.Tarefa.lambda$1(Ljava/util/List;Ljava/util/List;Ljava/io/File;)V+49
j  br.ufg.inf.ppd.tarefa.Tarefa$$Lambda$10.accept(Ljava/lang/Object;)V+16
j  java.util.Spliterators$ArraySpliterator.forEachRemaining(Ljava/util/function/Consumer;)V+53
j  java.util.stream.ReferencePipeline$Head.forEach(Ljava/util/function/Consumer;)V+12
j  br.ufg.inf.ppd.tarefa.Tarefa.processarSubArquivos(Ljava/util/List;[Ljava/io/File;)Ljava/util/List;+20
j  br.ufg.inf.ppd.tarefa.Tarefa.executar()V+237
j  br.ufg.inf.ppd.app.Main.main([Ljava/lang/String;)V+6
v  ~StubRoutines::call_stub

---------------  P R O C E S S  ---------------

Java Threads: ( => current thread )
  0x00007fb54c209000 JavaThread "memoryManagementThread" daemon [_thread_blocked, id=14137, stack(0x00007fb531d7c000,0x00007fb531e7d000)]
  0x00007fb54c27b000 JavaThread "process reaper" daemon [_thread_blocked, id=14065, stack(0x00007fb538087000,0x00007fb5380c0000)]
  0x00007fb54c0d2800 JavaThread "Service Thread" daemon [_thread_blocked, id=14048, stack(0x00007fb532ceb000,0x00007fb532dec000)]
  0x00007fb54c0cd000 JavaThread "C1 CompilerThread2" daemon [_thread_blocked, id=14047, stack(0x00007fb532dec000,0x00007fb532eed000)]
  0x00007fb54c0cb800 JavaThread "C2 CompilerThread1" daemon [_thread_blocked, id=14046, stack(0x00007fb532eed000,0x00007fb532fee000)]
  0x00007fb54c0c8800 JavaThread "C2 CompilerThread0" daemon [_thread_blocked, id=14045, stack(0x00007fb532fee000,0x00007fb5330ef000)]
  0x00007fb504001000 JavaThread "JDWP Command Reader" daemon [_thread_in_native, id=14042, stack(0x00007fb5330ef000,0x00007fb5331f0000)]
  0x00007fb54c0c6000 JavaThread "JDWP Event Helper Thread" daemon [_thread_blocked, id=14041, stack(0x00007fb5331f0000,0x00007fb5332f1000)]
  0x00007fb54c0c2800 JavaThread "JDWP Transport Listener: dt_socket" daemon [_thread_blocked, id=14040, stack(0x00007fb5332f1000,0x00007fb5333f2000)]
  0x00007fb54c0b6800 JavaThread "Signal Dispatcher" daemon [_thread_blocked, id=14036, stack(0x00007fb5335f6000,0x00007fb5336f7000)]
  0x00007fb54c081800 JavaThread "Finalizer" daemon [_thread_blocked, id=14035, stack(0x00007fb5336f7000,0x00007fb5337f8000)]
  0x00007fb54c07f000 JavaThread "Reference Handler" daemon [_thread_blocked, id=14034, stack(0x00007fb5337f8000,0x00007fb5338f9000)]
=>0x00007fb54c00c000 JavaThread "main" [_thread_in_native, id=14027, stack(0x00007fb552c87000,0x00007fb552d88000)]

Other Threads:
  0x00007fb54c07a000 VMThread [stack: 0x00007fb5338f9000,0x00007fb5339fa000] [id=14032]
  0x00007fb54c0d5800 WatcherThread [stack: 0x00007fb532bea000,0x00007fb532ceb000] [id=14049]

VM state:not at safepoint (normal execution)

VM Mutex/Monitor currently owned by a thread: None

Heap:
 PSYoungGen      total 2284032K, used 964277K [0x0000000728d80000, 0x00000007c0000000, 0x00000007c0000000)
  eden space 2106880K, 37% used [0x0000000728d80000,0x0000000758e9f5e0,0x00000007a9700000)
  from space 177152K, 99% used [0x00000007a9700000,0x00000007b438de50,0x00000007b4400000)
  to   space 192512K, 0% used [0x00000007b4400000,0x00000007b4400000,0x00000007c0000000)
 ParOldGen       total 838656K, used 702722K [0x00000005fa800000, 0x000000062db00000, 0x0000000728d80000)
  object space 838656K, 83% used [0x00000005fa800000,0x0000000625640830,0x000000062db00000)
 Metaspace       used 6110K, capacity 6362K, committed 6528K, reserved 1056768K
  class space    used 732K, capacity 815K, committed 896K, reserved 1048576K

Card table byte_map: [0x00007fb53b0fc000,0x00007fb53bf29000] byte_map_base: 0x00007fb538128000

Marking Bits: (ParMarkBitMap*) 0x00007fb552165020
 Begin Bits: [0x00007fb515d40000, 0x00007fb51cea0000)
 End Bits:   [0x00007fb51cea0000, 0x00007fb524000000)

Polling page: 0x00007fb552dac000

CodeCache: size=245760Kb used=2752Kb max_used=2782Kb free=243007Kb
 bounds [0x00007fb53c2e9000, 0x00007fb53c5b9000, 0x00007fb54b2e9000]
 total_blobs=865 nmethods=546 adapters=241
 compilation: enabled

Compilation events (10 events):
Event: 119,658 Thread 0x00007fb54c0cb800 nmethod 543 0x00007fb53c57a190 code [0x00007fb53c57a360, 0x00007fb53c57aa18]
Event: 119,662 Thread 0x00007fb54c0cb800  544       4       java.nio.HeapByteBuffer::put (167 bytes)
Event: 119,666 Thread 0x00007fb54c0cb800 nmethod 544 0x00007fb53c574390 code [0x00007fb53c574520, 0x00007fb53c5749d8]
Event: 119,666 Thread 0x00007fb54c0cb800  545       4       java.nio.DirectByteBuffer::get (126 bytes)
Event: 119,669 Thread 0x00007fb54c0cb800 nmethod 545 0x00007fb53c57b090 code [0x00007fb53c57b200, 0x00007fb53c57b558]
Event: 119,770 Thread 0x00007fb54c0c8800 nmethod 540% 0x00007fb53c582a50 code [0x00007fb53c582ec0, 0x00007fb53c588918]
Event: 119,770 Thread 0x00007fb54c0cb800  546       4       br.ufg.inf.ppd.io.LeitorArquivos::obterRetangulosDoArquivo (155 bytes)
Event: 119,919 Thread 0x00007fb54c0cd000  547       3       org.magicwerk.brownies.collections.BigList::addBlock (49 bytes)
Event: 119,919 Thread 0x00007fb54c0cd000 nmethod 547 0x00007fb53c579a10 code [0x00007fb53c579ba0, 0x00007fb53c579f98]
Event: 120,022 Thread 0x00007fb54c0cb800 nmethod 546 0x00007fb53c597f10 code [0x00007fb53c5985c0, 0x00007fb53c5a1438]

GC Heap History (10 events):
Event: 39,008 GC heap before
{Heap before GC invocations=20 (full 2):
 PSYoungGen      total 2318336K, used 2318336K [0x0000000728d80000, 0x00000007c0000000, 0x00000007c0000000)
  eden space 2214400K, 100% used [0x0000000728d80000,0x00000007b0000000,0x00000007b0000000)
  from space 103936K, 100% used [0x00000007b0000000,0x00000007b6580000,0x00000007b6580000)
  to   space 150016K, 0% used [0x00000007b6d80000,0x00000007b6d80000,0x00000007c0000000)
 ParOldGen       total 521728K, used 413040K [0x00000005fa800000, 0x000000061a580000, 0x0000000728d80000)
  object space 521728K, 79% used [0x00000005fa800000,0x0000000613b5c030,0x000000061a580000)
 Metaspace       used 3994K, capacity 4844K, committed 5120K, reserved 1056768K
  class space    used 452K, capacity 468K, committed 512K, reserved 1048576K
Event: 39,385 GC heap after
Heap after GC invocations=20 (full 2):
 PSYoungGen      total 2317312K, used 93632K [0x0000000728d80000, 0x00000007c0000000, 0x00000007c0000000)
  eden space 2167296K, 0% used [0x0000000728d80000,0x0000000728d80000,0x00000007ad200000)
  from space 150016K, 62% used [0x00000007b6d80000,0x00000007bc8f0000,0x00000007c0000000)
  to   space 154624K, 0% used [0x00000007ad200000,0x00000007ad200000,0x00000007b6900000)
 ParOldGen       total 521728K, used 518272K [0x00000005fa800000, 0x000000061a580000, 0x0000000728d80000)
  object space 521728K, 99% used [0x00000005fa800000,0x000000061a220030,0x000000061a580000)
 Metaspace       used 3994K, capacity 4844K, committed 5120K, reserved 1056768K
  class space    used 452K, capacity 468K, committed 512K, reserved 1048576K
}
Event: 39,385 GC heap before
{Heap before GC invocations=21 (full 3):
 PSYoungGen      total 2317312K, used 93632K [0x0000000728d80000, 0x00000007c0000000, 0x00000007c0000000)
  eden space 2167296K, 0% used [0x0000000728d80000,0x0000000728d80000,0x00000007ad200000)
  from space 150016K, 62% used [0x00000007b6d80000,0x00000007bc8f0000,0x00000007c0000000)
  to   space 154624K, 0% used [0x00000007ad200000,0x00000007ad200000,0x00000007b6900000)
 ParOldGen       total 521728K, used 518272K [0x00000005fa800000, 0x000000061a580000, 0x0000000728d80000)
  object space 521728K, 99% used [0x00000005fa800000,0x000000061a220030,0x000000061a580000)
 Metaspace       used 3994K, capacity 4844K, committed 5120K, reserved 1056768K
  class space    used 452K, capacity 468K, committed 512K, reserved 1048576K
Event: 42,560 GC heap after
Heap after GC invocations=21 (full 3):
 PSYoungGen      total 2317312K, used 86553K [0x0000000728d80000, 0x00000007c0000000, 0x00000007c0000000)
  eden space 2167296K, 0% used [0x0000000728d80000,0x0000000728d80000,0x00000007ad200000)
  from space 150016K, 57% used [0x00000007b6d80000,0x00000007bc206518,0x00000007c0000000)
  to   space 154624K, 0% used [0x00000007ad200000,0x00000007ad200000,0x00000007b6900000)
 ParOldGen       total 838656K, used 521434K [0x00000005fa800000, 0x000000062db00000, 0x0000000728d80000)
  object space 838656K, 62% used [0x00000005fa800000,0x000000061a536830,0x000000062db00000)
 Metaspace       used 3994K, capacity 4844K, committed 5120K, reserved 1056768K
  class space    used 452K, capacity 468K, committed 512K, reserved 1048576K
}
Event: 44,655 GC heap before
{Heap before GC invocations=22 (full 3):
 PSYoungGen      total 2317312K, used 2253849K [0x0000000728d80000, 0x00000007c0000000, 0x00000007c0000000)
  eden space 2167296K, 100% used [0x0000000728d80000,0x00000007ad200000,0x00000007ad200000)
  from space 150016K, 57% used [0x00000007b6d80000,0x00000007bc206518,0x00000007c0000000)
  to   space 154624K, 0% used [0x00000007ad200000,0x00000007ad200000,0x00000007b6900000)
 ParOldGen       total 838656K, used 521434K [0x00000005fa800000, 0x000000062db00000, 0x0000000728d80000)
  object space 838656K, 62% used [0x00000005fa800000,0x000000061a536830,0x000000062db00000)
 Metaspace       used 3994K, capacity 4844K, committed 5120K, reserved 1056768K
  class space    used 452K, capacity 468K, committed 512K, reserved 1048576K
Event: 45,000 GC heap after
Heap after GC invocations=22 (full 3):
 PSYoungGen      total 2321920K, used 154624K [0x0000000728d80000, 0x00000007c0000000, 0x00000007c0000000)
  eden space 2167296K, 0% used [0x0000000728d80000,0x0000000728d80000,0x00000007ad200000)
  from space 154624K, 100% used [0x00000007ad200000,0x00000007b6900000,0x00000007b6900000)
  to   space 154624K, 0% used [0x00000007b6900000,0x00000007b6900000,0x00000007c0000000)
 ParOldGen       total 838656K, used 546162K [0x00000005fa800000, 0x000000062db00000, 0x0000000728d80000)
  object space 838656K, 65% used [0x00000005fa800000,0x000000061bd5c830,0x000000062db00000)
 Metaspace       used 3994K, capacity 4844K, committed 5120K, reserved 1056768K
  class space    used 452K, capacity 468K, committed 512K, reserved 1048576K
}
Event: 46,916 GC heap before
{Heap before GC invocations=23 (full 3):
 PSYoungGen      total 2321920K, used 2321920K [0x0000000728d80000, 0x00000007c0000000, 0x00000007c0000000)
  eden space 2167296K, 100% used [0x0000000728d80000,0x00000007ad200000,0x00000007ad200000)
  from space 154624K, 100% used [0x00000007ad200000,0x00000007b6900000,0x00000007b6900000)
  to   space 154624K, 0% used [0x00000007b6900000,0x00000007b6900000,0x00000007c0000000)
 ParOldGen       total 838656K, used 546162K [0x00000005fa800000, 0x000000062db00000, 0x0000000728d80000)
  object space 838656K, 65% used [0x00000005fa800000,0x000000061bd5c830,0x000000062db00000)
 Metaspace       used 3994K, capacity 4844K, committed 5120K, reserved 1056768K
  class space    used 452K, capacity 468K, committed 512K, reserved 1048576K
Event: 47,232 GC heap after
Heap after GC invocations=23 (full 3):
 PSYoungGen      total 2261504K, used 90592K [0x0000000728d80000, 0x00000007c0000000, 0x00000007c0000000)
  eden space 2106880K, 0% used [0x0000000728d80000,0x0000000728d80000,0x00000007a9700000)
  from space 154624K, 58% used [0x00000007b6900000,0x00000007bc178000,0x00000007c0000000)
  to   space 184832K, 0% used [0x00000007a9700000,0x00000007a9700000,0x00000007b4b80000)
 ParOldGen       total 838656K, used 702714K [0x00000005fa800000, 0x000000062db00000, 0x0000000728d80000)
  object space 838656K, 83% used [0x00000005fa800000,0x000000062563e830,0x000000062db00000)
 Metaspace       used 3994K, capacity 4844K, committed 5120K, reserved 1056768K
  class space    used 452K, capacity 468K, committed 512K, reserved 1048576K
}
Event: 120,666 GC heap before
{Heap before GC invocations=24 (full 3):
 PSYoungGen      total 2261504K, used 2197472K [0x0000000728d80000, 0x00000007c0000000, 0x00000007c0000000)
  eden space 2106880K, 100% used [0x0000000728d80000,0x00000007a9700000,0x00000007a9700000)
  from space 154624K, 58% used [0x00000007b6900000,0x00000007bc178000,0x00000007c0000000)
  to   space 184832K, 0% used [0x00000007a9700000,0x00000007a9700000,0x00000007b4b80000)
 ParOldGen       total 838656K, used 702714K [0x00000005fa800000, 0x000000062db00000, 0x0000000728d80000)
  object space 838656K, 83% used [0x00000005fa800000,0x000000062563e830,0x000000062db00000)
 Metaspace       used 5662K, capacity 5906K, committed 6144K, reserved 1056768K
  class space    used 647K, capacity 749K, committed 768K, reserved 1048576K
Event: 120,929 GC heap after
Heap after GC invocations=24 (full 3):
 PSYoungGen      total 2284032K, used 176695K [0x0000000728d80000, 0x00000007c0000000, 0x00000007c0000000)
  eden space 2106880K, 0% used [0x0000000728d80000,0x0000000728d80000,0x00000007a9700000)
  from space 177152K, 99% used [0x00000007a9700000,0x00000007b438de50,0x00000007b4400000)
  to   space 192512K, 0% used [0x00000007b4400000,0x00000007b4400000,0x00000007c0000000)
 ParOldGen       total 838656K, used 702722K [0x00000005fa800000, 0x000000062db00000, 0x0000000728d80000)
  object space 838656K, 83% used [0x00000005fa800000,0x0000000625640830,0x000000062db00000)
 Metaspace       used 5662K, capacity 5906K, committed 6144K, reserved 1056768K
  class space    used 647K, capacity 749K, committed 768K, reserved 1048576K
}

Deoptimization events (10 events):
Event: 48,648 Thread 0x00007fb54c00c000 Uncommon trap: reason=unstable_if action=reinterpret pc=0x00007fb53c4c2c44 method=br.ufg.inf.ppd.io.LeitorArquivos.obterRetangulosDoArquivo(Ljava/io/File;)Ljava/util/List; @ 142
Event: 48,656 Thread 0x00007fb54c00c000 Uncommon trap: reason=unstable_if action=reinterpret pc=0x00007fb53c48ccb0 method=java.util.StringTokenizer.setMaxDelimCodePoint()V @ 71
Event: 48,656 Thread 0x00007fb54c00c000 Uncommon trap: reason=unstable_if action=reinterpret pc=0x00007fb53c4a4e6c method=java.util.StringTokenizer.nextToken()Ljava/lang/String; @ 5
Event: 48,657 Thread 0x00007fb54c00c000 Uncommon trap: reason=unstable_if action=reinterpret pc=0x00007fb53c46bc9c method=java.util.StringTokenizer.skipDelimiters(I)I @ 29
Event: 48,661 Thread 0x00007fb54c00c000 Uncommon trap: reason=unstable_if action=reinterpret pc=0x00007fb53c47e354 method=java.util.StringTokenizer.setMaxDelimCodePoint()V @ 71
Event: 117,928 Thread 0x00007fb54c00c000 Uncommon trap: reason=unstable_if action=reinterpret pc=0x00007fb53c491364 method=java.lang.Math.min(FF)F @ 37
Event: 118,497 Thread 0x00007fb54c00c000 Uncommon trap: reason=unstable_if action=reinterpret pc=0x00007fb53c4f5b54 method=org.magicwerk.brownies.collections.BigList.addBlock(ILorg/magicwerk/brownies/collections/BigList$Block;)V @ 4
Event: 119,638 Thread 0x00007fb54c00c000 Uncommon trap: reason=unstable_if action=reinterpret pc=0x00007fb53c4cf3b8 method=java.nio.channels.spi.AbstractInterruptibleChannel.begin()V @ 4
Event: 119,638 Thread 0x00007fb54c00c000 Uncommon trap: reason=unstable_if action=reinterpret pc=0x00007fb53c496428 method=org.magicwerk.brownies.collections.BigList.getBlockIndex(IZI)I @ 4
Event: 121,603 Thread 0x00007fb54c00c000 Uncommon trap: reason=unstable_if action=reinterpret pc=0x00007fb53c586388 method=sun.nio.ch.FileChannelImpl.read(Ljava/nio/ByteBuffer;)I @ 148

Internal exceptions (9 events):
Event: 0,043 Thread 0x00007fb54c00c000 Exception <a 'java/lang/NoSuchMethodError': Method sun.misc.Unsafe.defineClass(Ljava/lang/String;[BII)Ljava/lang/Class; name or signature does not match> (0x0000000728d92b98) thrown at [/HUDSON/workspace/8-2-build-linux-amd64/jdk8u66/4988/hotspot/src/shar
Event: 0,043 Thread 0x00007fb54c00c000 Exception <a 'java/lang/NoSuchMethodError': Method sun.misc.Unsafe.prefetchRead(Ljava/lang/Object;J)V name or signature does not match> (0x0000000728d92e80) thrown at [/HUDSON/workspace/8-2-build-linux-amd64/jdk8u66/4988/hotspot/src/share/vm/prims/jni.cpp
Event: 12,791 Thread 0x00007fb54c00c000 Exception <a 'java/security/PrivilegedActionException'> (0x0000000728e2b1b8) thrown at [/HUDSON/workspace/8-2-build-linux-amd64/jdk8u66/4988/hotspot/src/share/vm/prims/jvm.cpp, line 1386]
Event: 12,791 Thread 0x00007fb54c00c000 Exception <a 'java/security/PrivilegedActionException'> (0x0000000728e2b3c8) thrown at [/HUDSON/workspace/8-2-build-linux-amd64/jdk8u66/4988/hotspot/src/share/vm/prims/jvm.cpp, line 1386]
Event: 12,792 Thread 0x00007fb54c00c000 Exception <a 'java/security/PrivilegedActionException'> (0x0000000728e2d808) thrown at [/HUDSON/workspace/8-2-build-linux-amd64/jdk8u66/4988/hotspot/src/share/vm/prims/jvm.cpp, line 1386]
Event: 12,792 Thread 0x00007fb54c00c000 Exception <a 'java/security/PrivilegedActionException'> (0x0000000728e2da18) thrown at [/HUDSON/workspace/8-2-build-linux-amd64/jdk8u66/4988/hotspot/src/share/vm/prims/jvm.cpp, line 1386]
Event: 48,714 Thread 0x00007fb54c00c000 Exception <a 'java/lang/NoSuchFieldError': method resolution failed> (0x0000000766a3ba88) thrown at [/HUDSON/workspace/8-2-build-linux-amd64/jdk8u66/4988/hotspot/src/share/vm/prims/methodHandles.cpp, line 1146]
Event: 48,728 Thread 0x00007fb54c00c000 Exception <a 'java/lang/NoSuchFieldError': method resolution failed> (0x0000000766a48e28) thrown at [/HUDSON/workspace/8-2-build-linux-amd64/jdk8u66/4988/hotspot/src/share/vm/prims/methodHandles.cpp, line 1146]
Event: 119,638 Thread 0x00007fb54c00c000 Implicit null exception at 0x00007fb53c496230 to 0x00007fb53c496409

Events (10 events):
Event: 138,793 loading class org/jocl/PrintfCallbackFunction done
Event: 138,793 loading class org/jocl/SVMFreeFunction
Event: 138,793 loading class org/jocl/SVMFreeFunction done
Event: 138,795 loading class org/jocl/CL$1
Event: 138,795 loading class org/jocl/CL$1 done
Event: 138,797 loading class org/jocl/CL$3
Event: 138,797 loading class org/jocl/CL$3 done
Event: 138,798 loading class java/lang/InterruptedException
Event: 138,798 loading class java/lang/InterruptedException done
Event: 138,798 Thread 0x00007fb54c209000 Thread added: 0x00007fb54c209000


Dynamic libraries:
00400000-00401000 r-xp 00000000 08:08 5769732                            /usr/lib/jvm/java-8-oracle/bin/java
00600000-00601000 rw-p 00000000 08:08 5769732                            /usr/lib/jvm/java-8-oracle/bin/java
013ae000-013cf000 rw-p 00000000 00:00 0                                  [heap]
5fa800000-62db00000 rw-p 00000000 00:00 0 
62db00000-728d80000 ---p 00000000 00:00 0 
728d80000-7c0000000 rw-p 00000000 00:00 0 
7c0000000-7c00e0000 rw-p 00000000 00:00 0 
7c00e0000-800000000 ---p 00000000 00:00 0 
7fb4d8000000-7fb4d8021000 rw-p 00000000 00:00 0 
7fb4d8021000-7fb4dc000000 ---p 00000000 00:00 0 
7fb4e0000000-7fb4e0021000 rw-p 00000000 00:00 0 
7fb4e0021000-7fb4e4000000 ---p 00000000 00:00 0 
7fb4e4000000-7fb4e4021000 rw-p 00000000 00:00 0 
7fb4e4021000-7fb4e8000000 ---p 00000000 00:00 0 
7fb4e8000000-7fb4e83c9000 rw-p 00000000 00:00 0 
7fb4e83c9000-7fb4ec000000 ---p 00000000 00:00 0 
7fb4ec000000-7fb4ec021000 rw-p 00000000 00:00 0 
7fb4ec021000-7fb4f0000000 ---p 00000000 00:00 0 
7fb4f0000000-7fb4f1265000 rw-p 00000000 00:00 0 
7fb4f1265000-7fb4f4000000 ---p 00000000 00:00 0 
7fb4f4000000-7fb4f4cc9000 rw-p 00000000 00:00 0 
7fb4f4cc9000-7fb4f8000000 ---p 00000000 00:00 0 
7fb4f8000000-7fb4f8021000 rw-p 00000000 00:00 0 
7fb4f8021000-7fb4fc000000 ---p 00000000 00:00 0 
7fb4fc000000-7fb4fc021000 rw-p 00000000 00:00 0 
7fb4fc021000-7fb500000000 ---p 00000000 00:00 0 
7fb500000000-7fb500021000 rw-p 00000000 00:00 0 
7fb500021000-7fb504000000 ---p 00000000 00:00 0 
7fb504000000-7fb504021000 rw-p 00000000 00:00 0 
7fb504021000-7fb508000000 ---p 00000000 00:00 0 
7fb508000000-7fb508021000 rw-p 00000000 00:00 0 
7fb508021000-7fb50c000000 ---p 00000000 00:00 0 
7fb50c000000-7fb50c021000 rw-p 00000000 00:00 0 
7fb50c021000-7fb510000000 ---p 00000000 00:00 0 
7fb510000000-7fb510021000 rw-p 00000000 00:00 0 
7fb510021000-7fb514000000 ---p 00000000 00:00 0 
7fb515d40000-7fb524000000 rw-p 00000000 00:00 0 
7fb524000000-7fb524021000 rw-p 00000000 00:00 0 
7fb524021000-7fb528000000 ---p 00000000 00:00 0 
7fb528000000-7fb528021000 rw-p 00000000 00:00 0 
7fb528021000-7fb52c000000 ---p 00000000 00:00 0 
7fb52c000000-7fb52c021000 rw-p 00000000 00:00 0 
7fb52c021000-7fb530000000 ---p 00000000 00:00 0 
7fb531d7c000-7fb531d7f000 ---p 00000000 00:00 0 
7fb531d7f000-7fb531e7d000 rw-p 00000000 00:00 0                          [stack:14137]
7fb531e7d000-7fb531e83000 r-xp 00000000 08:08 5506636                    /usr/lib/libOpenCL.so.1
7fb531e83000-7fb532083000 ---p 00006000 08:08 5506636                    /usr/lib/libOpenCL.so.1
7fb532083000-7fb532084000 rw-p 00006000 08:08 5506636                    /usr/lib/libOpenCL.so.1
7fb532084000-7fb53209a000 r-xp 00000000 08:08 6819699                    /lib/x86_64-linux-gnu/libgcc_s.so.1
7fb53209a000-7fb532299000 ---p 00016000 08:08 6819699                    /lib/x86_64-linux-gnu/libgcc_s.so.1
7fb532299000-7fb53229a000 rw-p 00015000 08:08 6819699                    /lib/x86_64-linux-gnu/libgcc_s.so.1
7fb53229a000-7fb532380000 r-xp 00000000 08:08 5507151                    /usr/lib/x86_64-linux-gnu/libstdc++.so.6.0.19
7fb532380000-7fb53257f000 ---p 000e6000 08:08 5507151                    /usr/lib/x86_64-linux-gnu/libstdc++.so.6.0.19
7fb53257f000-7fb532587000 r--p 000e5000 08:08 5507151                    /usr/lib/x86_64-linux-gnu/libstdc++.so.6.0.19
7fb532587000-7fb532589000 rw-p 000ed000 08:08 5507151                    /usr/lib/x86_64-linux-gnu/libstdc++.so.6.0.19
7fb532589000-7fb53259e000 rw-p 00000000 00:00 0 
7fb53259e000-7fb5325c1000 r-xp 00000000 08:08 5769531                    /tmp/libJOCL_0_2_0-linux-x86_64.so
7fb5325c1000-7fb5327c0000 ---p 00023000 08:08 5769531                    /tmp/libJOCL_0_2_0-linux-x86_64.so
7fb5327c0000-7fb5327c1000 rw-p 00022000 08:08 5769531                    /tmp/libJOCL_0_2_0-linux-x86_64.so
7fb5327c1000-7fb5327c2000 rw-p 00000000 00:00 0 
7fb5327c2000-7fb5327d3000 r-xp 00000000 08:08 5650152                    /usr/lib/jvm/java-8-oracle/jre/lib/amd64/libnio.so
7fb5327d3000-7fb5329d2000 ---p 00011000 08:08 5650152                    /usr/lib/jvm/java-8-oracle/jre/lib/amd64/libnio.so
7fb5329d2000-7fb5329d3000 rw-p 00010000 08:08 5650152                    /usr/lib/jvm/java-8-oracle/jre/lib/amd64/libnio.so
7fb5329d3000-7fb5329e9000 r-xp 00000000 08:08 5650145                    /usr/lib/jvm/java-8-oracle/jre/lib/amd64/libnet.so
7fb5329e9000-7fb532be9000 ---p 00016000 08:08 5650145                    /usr/lib/jvm/java-8-oracle/jre/lib/amd64/libnet.so
7fb532be9000-7fb532bea000 rw-p 00016000 08:08 5650145                    /usr/lib/jvm/java-8-oracle/jre/lib/amd64/libnet.so
7fb532bea000-7fb532beb000 ---p 00000000 00:00 0 
7fb532beb000-7fb532ceb000 rw-p 00000000 00:00 0                          [stack:14049]
7fb532ceb000-7fb532cee000 ---p 00000000 00:00 0 
7fb532cee000-7fb532dec000 rw-p 00000000 00:00 0                          [stack:14048]
7fb532dec000-7fb532def000 ---p 00000000 00:00 0 
7fb532def000-7fb532eed000 rw-p 00000000 00:00 0                          [stack:14047]
7fb532eed000-7fb532ef0000 ---p 00000000 00:00 0 
7fb532ef0000-7fb532fee000 rw-p 00000000 00:00 0                          [stack:14046]
7fb532fee000-7fb532ff1000 ---p 00000000 00:00 0 
7fb532ff1000-7fb5330ef000 rw-p 00000000 00:00 0                          [stack:14045]
7fb5330ef000-7fb5330f2000 ---p 00000000 00:00 0 
7fb5330f2000-7fb5331f0000 rw-p 00000000 00:00 0                          [stack:14042]
7fb5331f0000-7fb5331f3000 ---p 00000000 00:00 0 
7fb5331f3000-7fb5332f1000 rw-p 00000000 00:00 0                          [stack:14041]
7fb5332f1000-7fb5332f4000 ---p 00000000 00:00 0 
7fb5332f4000-7fb5333f2000 rw-p 00000000 00:00 0                          [stack:14040]
7fb5333f2000-7fb5333f6000 r-xp 00000000 08:08 5636304                    /usr/lib/jvm/java-8-oracle/jre/lib/amd64/libdt_socket.so
7fb5333f6000-7fb5335f5000 ---p 00004000 08:08 5636304                    /usr/lib/jvm/java-8-oracle/jre/lib/amd64/libdt_socket.so
7fb5335f5000-7fb5335f6000 rw-p 00003000 08:08 5636304                    /usr/lib/jvm/java-8-oracle/jre/lib/amd64/libdt_socket.so
7fb5335f6000-7fb5335f9000 ---p 00000000 00:00 0 
7fb5335f9000-7fb5336f7000 rw-p 00000000 00:00 0                          [stack:14036]
7fb5336f7000-7fb5336fa000 ---p 00000000 00:00 0 
7fb5336fa000-7fb5337f8000 rw-p 00000000 00:00 0                          [stack:14035]
7fb5337f8000-7fb5337fb000 ---p 00000000 00:00 0 
7fb5337fb000-7fb5338f9000 rw-p 00000000 00:00 0                          [stack:14034]
7fb5338f9000-7fb5338fa000 ---p 00000000 00:00 0 
7fb5338fa000-7fb534000000 rw-p 00000000 00:00 0                          [stack:14032]
7fb534000000-7fb534021000 rw-p 00000000 00:00 0 
7fb534021000-7fb538000000 ---p 00000000 00:00 0 
7fb538087000-7fb53808a000 ---p 00000000 00:00 0 
7fb53808a000-7fb5380c0000 rw-p 00000000 00:00 0                          [stack:14065]
7fb5380c0000-7fb5380ca000 r--s 00116000 08:08 5513574                    /usr/lib/jvm/java-8-oracle/jre/lib/ext/localedata.jar
7fb5380ca000-7fb5380d3000 r--s 00093000 08:08 27924287                   /home/cezar/.m2/repository/org/magicwerk/brownies-collections/0.9.12/brownies-collections-0.9.12.jar
7fb5380d3000-7fb538aaf000 rw-p 00000000 00:00 0 
7fb538aaf000-7fb538c88000 r--s 03d20000 08:08 5514793                    /usr/lib/jvm/java-8-oracle/jre/lib/rt.jar
7fb538c88000-7fb5392d9000 rw-p 00000000 00:00 0 
7fb5392d9000-7fb539559000 ---p 00000000 00:00 0 
7fb539559000-7fb53a385000 rw-p 00000000 00:00 0 
7fb53a385000-7fb53a386000 ---p 00000000 00:00 0 
7fb53a386000-7fb53a486000 rw-p 00000000 00:00 0                          [stack:14031]
7fb53a486000-7fb53a487000 ---p 00000000 00:00 0 
7fb53a487000-7fb53a587000 rw-p 00000000 00:00 0                          [stack:14030]
7fb53a587000-7fb53a588000 ---p 00000000 00:00 0 
7fb53a588000-7fb53a688000 rw-p 00000000 00:00 0                          [stack:14029]
7fb53a688000-7fb53a689000 ---p 00000000 00:00 0 
7fb53a689000-7fb53a923000 rw-p 00000000 00:00 0                          [stack:14028]
7fb53a923000-7fb53b0fc000 ---p 00000000 00:00 0 
7fb53b0fc000-7fb53b296000 rw-p 00000000 00:00 0 
7fb53b296000-7fb53ba6e000 ---p 00000000 00:00 0 
7fb53ba6e000-7fb53bf28000 rw-p 00000000 00:00 0 
7fb53bf28000-7fb53bf35000 rw-p 00000000 00:00 0 
7fb53bf35000-7fb53c2e9000 ---p 00000000 00:00 0 
7fb53c2e9000-7fb53c5b9000 rwxp 00000000 00:00 0 
7fb53c5b9000-7fb54b2e9000 ---p 00000000 00:00 0 
7fb54b2e9000-7fb54b303000 r-xp 00000000 08:08 5649917                    /usr/lib/jvm/java-8-oracle/jre/lib/amd64/libzip.so
7fb54b303000-7fb54b503000 ---p 0001a000 08:08 5649917                    /usr/lib/jvm/java-8-oracle/jre/lib/amd64/libzip.so
7fb54b503000-7fb54b504000 rw-p 0001a000 08:08 5649917                    /usr/lib/jvm/java-8-oracle/jre/lib/amd64/libzip.so
7fb54b504000-7fb54b50f000 r-xp 00000000 08:08 6820300                    /lib/x86_64-linux-gnu/libnss_files-2.19.so
7fb54b50f000-7fb54b70e000 ---p 0000b000 08:08 6820300                    /lib/x86_64-linux-gnu/libnss_files-2.19.so
7fb54b70e000-7fb54b70f000 r--p 0000a000 08:08 6820300                    /lib/x86_64-linux-gnu/libnss_files-2.19.so
7fb54b70f000-7fb54b710000 rw-p 0000b000 08:08 6820300                    /lib/x86_64-linux-gnu/libnss_files-2.19.so
7fb54b710000-7fb54b71b000 r-xp 00000000 08:08 6820320                    /lib/x86_64-linux-gnu/libnss_nis-2.19.so
7fb54b71b000-7fb54b91a000 ---p 0000b000 08:08 6820320                    /lib/x86_64-linux-gnu/libnss_nis-2.19.so
7fb54b91a000-7fb54b91b000 r--p 0000a000 08:08 6820320                    /lib/x86_64-linux-gnu/libnss_nis-2.19.so
7fb54b91b000-7fb54b91c000 rw-p 0000b000 08:08 6820320                    /lib/x86_64-linux-gnu/libnss_nis-2.19.so
7fb54b91c000-7fb54c000000 r--p 00000000 08:08 5511763                    /usr/lib/locale/locale-archive
7fb54c000000-7fb54c421000 rw-p 00000000 00:00 0 
7fb54c421000-7fb550000000 ---p 00000000 00:00 0 
7fb550007000-7fb550008000 r--p 00000000 00:00 0 
7fb550008000-7fb55000c000 r--s 0002a000 08:08 23200918                   /home/cezar/.m2/repository/commons-io/commons-io/2.4/commons-io-2.4.jar
7fb55000c000-7fb550023000 r-xp 00000000 08:08 6820309                    /lib/x86_64-linux-gnu/libnsl-2.19.so
7fb550023000-7fb550222000 ---p 00017000 08:08 6820309                    /lib/x86_64-linux-gnu/libnsl-2.19.so
7fb550222000-7fb550223000 r--p 00016000 08:08 6820309                    /lib/x86_64-linux-gnu/libnsl-2.19.so
7fb550223000-7fb550224000 rw-p 00017000 08:08 6820309                    /lib/x86_64-linux-gnu/libnsl-2.19.so
7fb550224000-7fb550226000 rw-p 00000000 00:00 0 
7fb550226000-7fb55022f000 r-xp 00000000 08:08 6820308                    /lib/x86_64-linux-gnu/libnss_compat-2.19.so
7fb55022f000-7fb55042e000 ---p 00009000 08:08 6820308                    /lib/x86_64-linux-gnu/libnss_compat-2.19.so
7fb55042e000-7fb55042f000 r--p 00008000 08:08 6820308                    /lib/x86_64-linux-gnu/libnss_compat-2.19.so
7fb55042f000-7fb550430000 rw-p 00009000 08:08 6820308                    /lib/x86_64-linux-gnu/libnss_compat-2.19.so
7fb550430000-7fb550432000 r-xp 00000000 08:08 5650134                    /usr/lib/jvm/java-8-oracle/jre/lib/amd64/libnpt.so
7fb550432000-7fb550632000 ---p 00002000 08:08 5650134                    /usr/lib/jvm/java-8-oracle/jre/lib/amd64/libnpt.so
7fb550632000-7fb550633000 rw-p 00002000 08:08 5650134                    /usr/lib/jvm/java-8-oracle/jre/lib/amd64/libnpt.so
7fb550633000-7fb55066c000 r-xp 00000000 08:08 5650137                    /usr/lib/jvm/java-8-oracle/jre/lib/amd64/libjdwp.so
7fb55066c000-7fb55086b000 ---p 00039000 08:08 5650137                    /usr/lib/jvm/java-8-oracle/jre/lib/amd64/libjdwp.so
7fb55086b000-7fb55086d000 rw-p 00038000 08:08 5650137                    /usr/lib/jvm/java-8-oracle/jre/lib/amd64/libjdwp.so
7fb55086d000-7fb550897000 r-xp 00000000 08:08 5650149                    /usr/lib/jvm/java-8-oracle/jre/lib/amd64/libjava.so
7fb550897000-7fb550a97000 ---p 0002a000 08:08 5650149                    /usr/lib/jvm/java-8-oracle/jre/lib/amd64/libjava.so
7fb550a97000-7fb550a99000 rw-p 0002a000 08:08 5650149                    /usr/lib/jvm/java-8-oracle/jre/lib/amd64/libjava.so
7fb550a99000-7fb550aa6000 r-xp 00000000 08:08 5636295                    /usr/lib/jvm/java-8-oracle/jre/lib/amd64/libverify.so
7fb550aa6000-7fb550ca6000 ---p 0000d000 08:08 5636295                    /usr/lib/jvm/java-8-oracle/jre/lib/amd64/libverify.so
7fb550ca6000-7fb550ca8000 rw-p 0000d000 08:08 5636295                    /usr/lib/jvm/java-8-oracle/jre/lib/amd64/libverify.so
7fb550ca8000-7fb550caf000 r-xp 00000000 08:08 6820317                    /lib/x86_64-linux-gnu/librt-2.19.so
7fb550caf000-7fb550eae000 ---p 00007000 08:08 6820317                    /lib/x86_64-linux-gnu/librt-2.19.so
7fb550eae000-7fb550eaf000 r--p 00006000 08:08 6820317                    /lib/x86_64-linux-gnu/librt-2.19.so
7fb550eaf000-7fb550eb0000 rw-p 00007000 08:08 6820317                    /lib/x86_64-linux-gnu/librt-2.19.so
7fb550eb0000-7fb550fb5000 r-xp 00000000 08:08 6820299                    /lib/x86_64-linux-gnu/libm-2.19.so
7fb550fb5000-7fb5511b4000 ---p 00105000 08:08 6820299                    /lib/x86_64-linux-gnu/libm-2.19.so
7fb5511b4000-7fb5511b5000 r--p 00104000 08:08 6820299                    /lib/x86_64-linux-gnu/libm-2.19.so
7fb5511b5000-7fb5511b6000 rw-p 00105000 08:08 6820299                    /lib/x86_64-linux-gnu/libm-2.19.so
7fb5511b6000-7fb551e74000 r-xp 00000000 08:08 5650157                    /usr/lib/jvm/java-8-oracle/jre/lib/amd64/server/libjvm.so
7fb551e74000-7fb552073000 ---p 00cbe000 08:08 5650157                    /usr/lib/jvm/java-8-oracle/jre/lib/amd64/server/libjvm.so
7fb552073000-7fb55214c000 rw-p 00cbd000 08:08 5650157                    /usr/lib/jvm/java-8-oracle/jre/lib/amd64/server/libjvm.so
7fb55214c000-7fb552190000 rw-p 00000000 00:00 0 
7fb552190000-7fb55234b000 r-xp 00000000 08:08 6820314                    /lib/x86_64-linux-gnu/libc-2.19.so
7fb55234b000-7fb55254a000 ---p 001bb000 08:08 6820314                    /lib/x86_64-linux-gnu/libc-2.19.so
7fb55254a000-7fb55254e000 r--p 001ba000 08:08 6820314                    /lib/x86_64-linux-gnu/libc-2.19.so
7fb55254e000-7fb552550000 rw-p 001be000 08:08 6820314                    /lib/x86_64-linux-gnu/libc-2.19.so
7fb552550000-7fb552555000 rw-p 00000000 00:00 0 
7fb552555000-7fb552558000 r-xp 00000000 08:08 6820303                    /lib/x86_64-linux-gnu/libdl-2.19.so
7fb552558000-7fb552757000 ---p 00003000 08:08 6820303                    /lib/x86_64-linux-gnu/libdl-2.19.so
7fb552757000-7fb552758000 r--p 00002000 08:08 6820303                    /lib/x86_64-linux-gnu/libdl-2.19.so
7fb552758000-7fb552759000 rw-p 00003000 08:08 6820303                    /lib/x86_64-linux-gnu/libdl-2.19.so
7fb552759000-7fb55276e000 r-xp 00000000 08:08 6041307                    /usr/lib/jvm/java-8-oracle/lib/amd64/jli/libjli.so
7fb55276e000-7fb55296e000 ---p 00015000 08:08 6041307                    /usr/lib/jvm/java-8-oracle/lib/amd64/jli/libjli.so
7fb55296e000-7fb55296f000 rw-p 00015000 08:08 6041307                    /usr/lib/jvm/java-8-oracle/lib/amd64/jli/libjli.so
7fb55296f000-7fb552988000 r-xp 00000000 08:08 6820315                    /lib/x86_64-linux-gnu/libpthread-2.19.so
7fb552988000-7fb552b87000 ---p 00019000 08:08 6820315                    /lib/x86_64-linux-gnu/libpthread-2.19.so
7fb552b87000-7fb552b88000 r--p 00018000 08:08 6820315                    /lib/x86_64-linux-gnu/libpthread-2.19.so
7fb552b88000-7fb552b89000 rw-p 00019000 08:08 6820315                    /lib/x86_64-linux-gnu/libpthread-2.19.so
7fb552b89000-7fb552b8d000 rw-p 00000000 00:00 0 
7fb552b8d000-7fb552bb0000 r-xp 00000000 08:08 6820311                    /lib/x86_64-linux-gnu/ld-2.19.so
7fb552bb0000-7fb552c87000 rw-p 00000000 00:00 0 
7fb552c87000-7fb552c8a000 ---p 00000000 00:00 0 
7fb552c8a000-7fb552d8c000 rw-p 00000000 00:00 0                          [stack:14027]
7fb552d8c000-7fb552d8d000 r--s 00051000 08:08 28315978                   /home/cezar/.m2/repository/org/jocl/jocl/0.2.0-RC00/jocl-0.2.0-RC00.jar
7fb552d8d000-7fb552d94000 r--s 00054000 08:08 26349477                   /home/cezar/workspaces/workspace-sagicon-ppd/ppd/JOCL-structs-0.0.1a-alpha.jar
7fb552d94000-7fb552da3000 r--s 00079000 08:08 26349484                   /home/cezar/workspaces/workspace-sagicon-ppd/ppd/aparapi.jar
7fb552da3000-7fb552dab000 rw-s 00000000 08:08 5769351                    /tmp/hsperfdata_cezar/14020
7fb552dab000-7fb552dac000 rw-p 00000000 00:00 0 
7fb552dac000-7fb552dad000 r--p 00000000 00:00 0 
7fb552dad000-7fb552daf000 rw-p 00000000 00:00 0 
7fb552daf000-7fb552db0000 r--p 00022000 08:08 6820311                    /lib/x86_64-linux-gnu/ld-2.19.so
7fb552db0000-7fb552db1000 rw-p 00023000 08:08 6820311                    /lib/x86_64-linux-gnu/ld-2.19.so
7fb552db1000-7fb552db2000 rw-p 00000000 00:00 0 
7ffc79762000-7ffc79783000 rw-p 00000000 00:00 0                          [stack]
7ffc79794000-7ffc79796000 r-xp 00000000 00:00 0                          [vdso]
ffffffffff600000-ffffffffff601000 r-xp 00000000 00:00 0                  [vsyscall]

VM Arguments:
jvm_args: -agentlib:jdwp=transport=dt_socket,suspend=y,address=localhost:51134 -Xmx7256m -Dfile.encoding=UTF-8 
java_command: br.ufg.inf.ppd.app.Main br.ufg.inf.ppd.tarefa.TarefaGPUOpenCL
java_class_path (initial): /home/cezar/workspaces/workspace-sagicon-ppd/ppd/target/classes:/home/cezar/workspaces/workspace-sagicon-ppd/ppd/aparapi.jar:/home/cezar/workspaces/workspace-sagicon-ppd/ppd/JOCL-structs-0.0.1a-alpha.jar:/home/cezar/.m2/repository/commons-io/commons-io/2.4/commons-io-2.4.jar:/home/cezar/.m2/repository/org/magicwerk/brownies-collections/0.9.12/brownies-collections-0.9.12.jar:/home/cezar/.m2/repository/org/jocl/jocl/0.2.0-RC00/jocl-0.2.0-RC00.jar
Launcher Type: SUN_STANDARD

Environment Variables:
PATH=/usr/local/sbin:/usr/local/bin:/usr/sbin:/usr/bin:/sbin:/bin:/usr/games:/usr/local/games
LD_LIBRARY_PATH=/opt/AMDAPPSDK-3.0/lib/x86_64/:/usr/lib32
SHELL=/bin/bash
DISPLAY=:0

Signal Handlers:
SIGSEGV: [libjvm.so+0xaba2a0], sa_mask[0]=11111111011111111101111111111110, sa_flags=SA_RESTART|SA_SIGINFO
SIGBUS: [libjvm.so+0xaba2a0], sa_mask[0]=11111111011111111101111111111110, sa_flags=SA_RESTART|SA_SIGINFO
SIGFPE: [libjvm.so+0x917710], sa_mask[0]=11111111011111111101111111111110, sa_flags=SA_RESTART|SA_SIGINFO
SIGPIPE: [libjvm.so+0x917710], sa_mask[0]=11111111011111111101111111111110, sa_flags=SA_RESTART|SA_SIGINFO
SIGXFSZ: [libjvm.so+0x917710], sa_mask[0]=11111111011111111101111111111110, sa_flags=SA_RESTART|SA_SIGINFO
SIGILL: [libjvm.so+0x917710], sa_mask[0]=11111111011111111101111111111110, sa_flags=SA_RESTART|SA_SIGINFO
SIGUSR1: SIG_DFL, sa_mask[0]=00000000000000000000000000000000, sa_flags=none
SIGUSR2: [libjvm.so+0x918d40], sa_mask[0]=00100000000000000000000000000000, sa_flags=SA_RESTART|SA_SIGINFO
SIGHUP: [libjvm.so+0x91a140], sa_mask[0]=11111111011111111101111111111110, sa_flags=SA_RESTART|SA_SIGINFO
SIGINT: [libjvm.so+0x91a140], sa_mask[0]=11111111011111111101111111111110, sa_flags=SA_RESTART|SA_SIGINFO
SIGTERM: [libjvm.so+0x91a140], sa_mask[0]=11111111011111111101111111111110, sa_flags=SA_RESTART|SA_SIGINFO
SIGQUIT: [libjvm.so+0x91a140], sa_mask[0]=11111111011111111101111111111110, sa_flags=SA_RESTART|SA_SIGINFO


---------------  S Y S T E M  ---------------

OS:DISTRIB_ID=Ubuntu
DISTRIB_RELEASE=14.04
DISTRIB_CODENAME=trusty
DISTRIB_DESCRIPTION="Ubuntu 14.04.3 LTS"

uname:Linux 3.13.0-68-generic #111-Ubuntu SMP Fri Nov 6 18:17:06 UTC 2015 x86_64
libc:glibc 2.19 NPTL 2.19 
rlimit: STACK 8192k, CORE 0k, NPROC 126719, NOFILE 4096, AS infinity
load average:19,20 15,31 8,08

/proc/meminfo:
MemTotal:       16312276 kB
MemFree:          158440 kB
Buffers:          124868 kB
Cached:          5385672 kB
SwapCached:            0 kB
Active:         11110276 kB
Inactive:        3947856 kB
Active(anon):    8450952 kB
Inactive(anon):  1312088 kB
Active(file):    2659324 kB
Inactive(file):  2635768 kB
Unevictable:         112 kB
Mlocked:             112 kB
SwapTotal:       3999740 kB
SwapFree:        3998936 kB
Dirty:             12212 kB
Writeback:             0 kB
AnonPages:       9547868 kB
Mapped:           608100 kB
Shmem:            215284 kB
Slab:             570868 kB
SReclaimable:     522472 kB
SUnreclaim:        48396 kB
KernelStack:        7320 kB
PageTables:        75080 kB
NFS_Unstable:          0 kB
Bounce:                0 kB
WritebackTmp:          0 kB
CommitLimit:    12155876 kB
Committed_AS:   17856712 kB
VmallocTotal:   34359738367 kB
VmallocUsed:      603860 kB
VmallocChunk:   34359066200 kB
HardwareCorrupted:     0 kB
AnonHugePages:   6361088 kB
HugePages_Total:       0
HugePages_Free:        0
HugePages_Rsvd:        0
HugePages_Surp:        0
Hugepagesize:       2048 kB
DirectMap4k:      228800 kB
DirectMap2M:     4892672 kB
DirectMap1G:    11534336 kB


CPU:total 4 (2 cores per cpu, 2 threads per core) family 6 model 69 stepping 1, cmov, cx8, fxsr, mmx, sse, sse2, sse3, ssse3, sse4.1, sse4.2, popcnt, avx, avx2, aes, clmul, erms, lzcnt, ht, tsc, tscinvbit, bmi1, bmi2

/proc/cpuinfo:
processor	: 0
vendor_id	: GenuineIntel
cpu family	: 6
model		: 69
model name	: Intel(R) Core(TM) i7-4510U CPU @ 2.00GHz
stepping	: 1
microcode	: 0x1c
cpu MHz		: 2601.000
cache size	: 4096 KB
physical id	: 0
siblings	: 4
core id		: 0
cpu cores	: 2
apicid		: 0
initial apicid	: 0
fpu		: yes
fpu_exception	: yes
cpuid level	: 13
wp		: yes
flags		: fpu vme de pse tsc msr pae mce cx8 apic sep mtrr pge mca cmov pat pse36 clflush dts acpi mmx fxsr sse sse2 ss ht tm pbe syscall nx pdpe1gb rdtscp lm constant_tsc arch_perfmon pebs bts rep_good nopl xtopology nonstop_tsc aperfmperf eagerfpu pni pclmulqdq dtes64 monitor ds_cpl vmx est tm2 ssse3 fma cx16 xtpr pdcm pcid sse4_1 sse4_2 movbe popcnt tsc_deadline_timer aes xsave avx f16c rdrand lahf_lm abm ida arat epb xsaveopt pln pts dtherm tpr_shadow vnmi flexpriority ept vpid fsgsbase tsc_adjust bmi1 avx2 smep bmi2 erms invpcid
bogomips	: 5188.28
clflush size	: 64
cache_alignment	: 64
address sizes	: 39 bits physical, 48 bits virtual
power management:

processor	: 1
vendor_id	: GenuineIntel
cpu family	: 6
model		: 69
model name	: Intel(R) Core(TM) i7-4510U CPU @ 2.00GHz
stepping	: 1
microcode	: 0x1c
cpu MHz		: 754.000
cache size	: 4096 KB
physical id	: 0
siblings	: 4
core id		: 0
cpu cores	: 2
apicid		: 1
initial apicid	: 1
fpu		: yes
fpu_exception	: yes
cpuid level	: 13
wp		: yes
flags		: fpu vme de pse tsc msr pae mce cx8 apic sep mtrr pge mca cmov pat pse36 clflush dts acpi mmx fxsr sse sse2 ss ht tm pbe syscall nx pdpe1gb rdtscp lm constant_tsc arch_perfmon pebs bts rep_good nopl xtopology nonstop_tsc aperfmperf eagerfpu pni pclmulqdq dtes64 monitor ds_cpl vmx est tm2 ssse3 fma cx16 xtpr pdcm pcid sse4_1 sse4_2 movbe popcnt tsc_deadline_timer aes xsave avx f16c rdrand lahf_lm abm ida arat epb xsaveopt pln pts dtherm tpr_shadow vnmi flexpriority ept vpid fsgsbase tsc_adjust bmi1 avx2 smep bmi2 erms invpcid
bogomips	: 5188.28
clflush size	: 64
cache_alignment	: 64
address sizes	: 39 bits physical, 48 bits virtual
power management:

processor	: 2
vendor_id	: GenuineIntel
cpu family	: 6
model		: 69
model name	: Intel(R) Core(TM) i7-4510U CPU @ 2.00GHz
stepping	: 1
microcode	: 0x1c
cpu MHz		: 1000.000
cache size	: 4096 KB
physical id	: 0
siblings	: 4
core id		: 1
cpu cores	: 2
apicid		: 2
initial apicid	: 2
fpu		: yes
fpu_exception	: yes
cpuid level	: 13
wp		: yes
flags		: fpu vme de pse tsc msr pae mce cx8 apic sep mtrr pge mca cmov pat pse36 clflush dts acpi mmx fxsr sse sse2 ss ht tm pbe syscall nx pdpe1gb rdtscp lm constant_tsc arch_perfmon pebs bts rep_good nopl xtopology nonstop_tsc aperfmperf eagerfpu pni pclmulqdq dtes64 monitor ds_cpl vmx est tm2 ssse3 fma cx16 xtpr pdcm pcid sse4_1 sse4_2 movbe popcnt tsc_deadline_timer aes xsave avx f16c rdrand lahf_lm abm ida arat epb xsaveopt pln pts dtherm tpr_shadow vnmi flexpriority ept vpid fsgsbase tsc_adjust bmi1 avx2 smep bmi2 erms invpcid
bogomips	: 5188.28
clflush size	: 64
cache_alignment	: 64
address sizes	: 39 bits physical, 48 bits virtual
power management:

processor	: 3
vendor_id	: GenuineIntel
cpu family	: 6
model		: 69
model name	: Intel(R) Core(TM) i7-4510U CPU @ 2.00GHz
stepping	: 1
microcode	: 0x1c
cpu MHz		: 2601.000
cache size	: 4096 KB
physical id	: 0
siblings	: 4
core id		: 1
cpu cores	: 2
apicid		: 3
initial apicid	: 3
fpu		: yes
fpu_exception	: yes
cpuid level	: 13
wp		: yes
flags		: fpu vme de pse tsc msr pae mce cx8 apic sep mtrr pge mca cmov pat pse36 clflush dts acpi mmx fxsr sse sse2 ss ht tm pbe syscall nx pdpe1gb rdtscp lm constant_tsc arch_perfmon pebs bts rep_good nopl xtopology nonstop_tsc aperfmperf eagerfpu pni pclmulqdq dtes64 monitor ds_cpl vmx est tm2 ssse3 fma cx16 xtpr pdcm pcid sse4_1 sse4_2 movbe popcnt tsc_deadline_timer aes xsave avx f16c rdrand lahf_lm abm ida arat epb xsaveopt pln pts dtherm tpr_shadow vnmi flexpriority ept vpid fsgsbase tsc_adjust bmi1 avx2 smep bmi2 erms invpcid
bogomips	: 5188.28
clflush size	: 64
cache_alignment	: 64
address sizes	: 39 bits physical, 48 bits virtual
power management:



Memory: 4k page, physical 16312276k(158440k free), swap 3999740k(3998936k free)

vm_info: Java HotSpot(TM) 64-Bit Server VM (25.66-b17) for linux-amd64 JRE (1.8.0_66-b17), built on Oct  6 2015 17:28:34 by "java_re" with gcc 4.3.0 20080428 (Red Hat 4.3.0-8)

time: Thu Dec  3 15:15:25 2015
elapsed time: 138 seconds (0d 0h 2m 18s)

